This is pdfTeX, Version 3.1415926-1.40.10 (TeX Live 2009/Debian) (format=pdflatex 2010.11.2)  30 NOV 2010 19:00
entering extended mode
 restricted \write18 enabled.
 %&-line parsing enabled.
**EXO-10-999.tex
(./EXO-10-999.tex
LaTeX2e <2009/09/24>
Babel <v3.8l> and hyphenation patterns for english, usenglishmax, dumylang, noh
yphenation, loaded.
(./cms-tdr.cls
=======================================================
 
 CMS TDR/NOTE style. Version 826
 
 Lucas Taylor, 2010-01-10
 
=======================================================
Document Class: cms-tdr 2006/12/21
(/usr/share/texmf-texlive/tex/latex/base/ifthen.sty
Package: ifthen 2001/05/26 v1.1c Standard LaTeX ifthen package (DPC)
)
Using article 12pt\ option
Not using cms note sub-class
(/usr/share/texmf-texlive/tex/latex/base/article.cls
Document Class: article 2007/10/19 v1.4h Standard LaTeX document class
(/usr/share/texmf-texlive/tex/latex/base/size12.clo
File: size12.clo 2007/10/19 v1.4h Standard LaTeX file (size option)
)
\c@part=\count79
\c@section=\count80
\c@subsection=\count81
\c@subsubsection=\count82
\c@paragraph=\count83
\c@subparagraph=\count84
\c@figure=\count85
\c@table=\count86
\abovecaptionskip=\skip41
\belowcaptionskip=\skip42
\bibindent=\dimen102
)
(/usr/share/texmf-texlive/tex/latex/fancybox/fancybox.sty
Package: fancybox 2000/09/19 1.3

Style option: `fancybox' v1.3 <2000/09/19> (tvz)
\@fancybox=\box26
\shadowsize=\dimen103
\@Sbox=\box27
\do@VerbBox=\toks14
\the@fancyput=\toks15
\this@fancyput=\toks16
\EndVerbatimTokens=\toks17
\Verbatim@Outfile=\write3
\Verbatim@Infile=\read1
) (/usr/share/texmf-texlive/tex/latex/tools/multicol.sty
Package: multicol 2008/12/05 v1.6h multicolumn formatting (FMi)
\c@tracingmulticols=\count87
\mult@box=\box28
\multicol@leftmargin=\dimen104
\c@unbalance=\count88
\c@collectmore=\count89
\doublecol@number=\count90
\multicoltolerance=\count91
\multicolpretolerance=\count92
\full@width=\dimen105
\page@free=\dimen106
\premulticols=\dimen107
\postmulticols=\dimen108
\multicolsep=\skip43
\multicolbaselineskip=\skip44
\partial@page=\box29
\last@line=\box30
\mult@rightbox=\box31
\mult@grightbox=\box32
\mult@gfirstbox=\box33
\mult@firstbox=\box34
\@tempa=\box35
\@tempa=\box36
\@tempa=\box37
\@tempa=\box38
\@tempa=\box39
\@tempa=\box40
\@tempa=\box41
\@tempa=\box42
\@tempa=\box43
\@tempa=\box44
\@tempa=\box45
\@tempa=\box46
\@tempa=\box47
\@tempa=\box48
\@tempa=\box49
\@tempa=\box50
\@tempa=\box51
\c@columnbadness=\count93
\c@finalcolumnbadness=\count94
\last@try=\dimen109
\multicolovershoot=\dimen110
\multicolundershoot=\dimen111
\mult@nat@firstbox=\box52
\colbreak@box=\box53
)
(/usr/share/texmf-texlive/tex/latex/tools/longtable.sty
Package: longtable 2004/02/01 v4.11 Multi-page Table package (DPC)
\LTleft=\skip45
\LTright=\skip46
\LTpre=\skip47
\LTpost=\skip48
\LTchunksize=\count95
\LTcapwidth=\dimen112
\LT@head=\box54
\LT@firsthead=\box55
\LT@foot=\box56
\LT@lastfoot=\box57
\LT@cols=\count96
\LT@rows=\count97
\c@LT@tables=\count98
\c@LT@chunks=\count99
\LT@p@ftn=\toks18
)
(/usr/share/texmf-texlive/tex/latex/tools/array.sty
Package: array 2008/09/09 v2.4c Tabular extension package (FMi)
\col@sep=\dimen113
\extrarowheight=\dimen114
\NC@list=\toks19
\extratabsurround=\skip49
\backup@length=\skip50
)
(/usr/share/texmf-texlive/tex/latex/lineno/lineno.sty
Package: lineno 2005/11/02 line numbers on paragraphs v4.41
\linenopenalty=\count100
\output=\toks20
\linenoprevgraf=\count101
\linenumbersep=\dimen115
\linenumberwidth=\dimen116
\c@linenumber=\count102
\c@pagewiselinenumber=\count103
\c@LN@truepage=\count104
\c@internallinenumber=\count105
\c@internallinenumbers=\count106
\quotelinenumbersep=\dimen117
\bframerule=\dimen118
\bframesep=\dimen119
\bframebox=\box58
LaTeX Info: Redefining \\ on input line 3056.
)
(/usr/share/texmf-texlive/tex/latex/fancyhdr/fancyhdr.sty
\fancy@headwidth=\skip51
\f@ncyO@elh=\skip52
\f@ncyO@erh=\skip53
\f@ncyO@olh=\skip54
\f@ncyO@orh=\skip55
\f@ncyO@elf=\skip56
\f@ncyO@erf=\skip57
\f@ncyO@olf=\skip58
\f@ncyO@orf=\skip59
)
(/usr/share/texmf-texlive/tex/latex/subfigure/subfigure.sty
Package: subfigure 2002/03/15 v2.1.5 subfigure package
\subfigtopskip=\skip60
\subfigcapskip=\skip61
\subfigcaptopadj=\dimen120
\subfigbottomskip=\skip62
\subfigcapmargin=\dimen121
\subfiglabelskip=\skip63
\c@subfigure=\count107
\c@lofdepth=\count108
\c@subtable=\count109
\c@lotdepth=\count110

****************************************
* Local config file subfigure.cfg used *
****************************************
(/usr/share/texmf-texlive/tex/latex/subfigure/subfigure.cfg)
\subfig@top=\skip64
\subfig@bottom=\skip65
)
(/usr/share/texmf-texlive/tex/latex/tools/xspace.sty
Package: xspace 2006/05/08 v1.12 Space after command names (DPC,MH)
)
(/usr/share/texmf-texlive/tex/latex/multirow/multirow.sty
\bigstrutjot=\dimen122
)
(/usr/share/texmf-texlive/tex/latex/graphics/color.sty
Package: color 2005/11/14 v1.0j Standard LaTeX Color (DPC)

(/etc/texmf/tex/latex/config/color.cfg
File: color.cfg 2007/01/18 v1.5 color configuration of teTeX/TeXLive
)
Package color Info: Driver file: pdftex.def on input line 130.

(/usr/share/texmf-texlive/tex/latex/pdftex-def/pdftex.def
File: pdftex.def 2010/03/12 v0.04p Graphics/color for pdfTeX
\Gread@gobject=\count111
))
(/usr/share/texmf-texlive/tex/latex/amsmath/amsmath.sty
Package: amsmath 2000/07/18 v2.13 AMS math features
\@mathmargin=\skip66

For additional information on amsmath, use the `?' option.
(/usr/share/texmf-texlive/tex/latex/amsmath/amstext.sty
Package: amstext 2000/06/29 v2.01

(/usr/share/texmf-texlive/tex/latex/amsmath/amsgen.sty
File: amsgen.sty 1999/11/30 v2.0
\@emptytoks=\toks21
\ex@=\dimen123
))
(/usr/share/texmf-texlive/tex/latex/amsmath/amsbsy.sty
Package: amsbsy 1999/11/29 v1.2d
\pmbraise@=\dimen124
)
(/usr/share/texmf-texlive/tex/latex/amsmath/amsopn.sty
Package: amsopn 1999/12/14 v2.01 operator names
)
\inf@bad=\count112
LaTeX Info: Redefining \frac on input line 211.
\uproot@=\count113
\leftroot@=\count114
LaTeX Info: Redefining \overline on input line 307.
\classnum@=\count115
\DOTSCASE@=\count116
LaTeX Info: Redefining \ldots on input line 379.
LaTeX Info: Redefining \dots on input line 382.
LaTeX Info: Redefining \cdots on input line 467.
\Mathstrutbox@=\box59
\strutbox@=\box60
\big@size=\dimen125
LaTeX Font Info:    Redeclaring font encoding OML on input line 567.
LaTeX Font Info:    Redeclaring font encoding OMS on input line 568.
\macc@depth=\count117
\c@MaxMatrixCols=\count118
\dotsspace@=\muskip10
\c@parentequation=\count119
\dspbrk@lvl=\count120
\tag@help=\toks22
\row@=\count121
\column@=\count122
\maxfields@=\count123
\andhelp@=\toks23
\eqnshift@=\dimen126
\alignsep@=\dimen127
\tagshift@=\dimen128
\tagwidth@=\dimen129
\totwidth@=\dimen130
\lineht@=\dimen131
\@envbody=\toks24
\multlinegap=\skip67
\multlinetaggap=\skip68
\mathdisplay@stack=\toks25
LaTeX Info: Redefining \[ on input line 2666.
LaTeX Info: Redefining \] on input line 2667.
)
(/usr/share/texmf-texlive/tex/latex/amsfonts/amssymb.sty
Package: amssymb 2009/06/22 v3.00

(/usr/share/texmf-texlive/tex/latex/amsfonts/amsfonts.sty
Package: amsfonts 2009/06/22 v3.00 Basic AMSFonts support
\symAMSa=\mathgroup4
\symAMSb=\mathgroup5
LaTeX Font Info:    Overwriting math alphabet `\mathfrak' in version `bold'
(Font)                  U/euf/m/n --> U/euf/b/n on input line 96.
))
(./pennames-pazo.sty) (/usr/share/texmf-texlive/tex/latex/ltxmisc/topcapt.sty
Package: topcapt 2004/12/11 v1.2 Caption at top of float
)
(/usr/share/texmf-texlive/tex/generic/oberdiek/ifpdf.sty
Package: ifpdf 2009/04/10 v2.0 Provides the ifpdf switch (HO)
Package ifpdf Info: pdfTeX in pdf mode detected.
) (./pdfdraftcopy.sty
Package: pdfdraftcopy 2003/08/11 1.2 Draft copy in PDF (CVR)

(/usr/share/texmf-texlive/tex/latex/graphics/graphicx.sty
Package: graphicx 1999/02/16 v1.0f Enhanced LaTeX Graphics (DPC,SPQR)

(/usr/share/texmf-texlive/tex/latex/graphics/keyval.sty
Package: keyval 1999/03/16 v1.13 key=value parser (DPC)
\KV@toks@=\toks26
)
(/usr/share/texmf-texlive/tex/latex/graphics/graphics.sty
Package: graphics 2009/02/05 v1.0o Standard LaTeX Graphics (DPC,SPQR)

(/usr/share/texmf-texlive/tex/latex/graphics/trig.sty
Package: trig 1999/03/16 v1.09 sin cos tan (DPC)
)
(/etc/texmf/tex/latex/config/graphics.cfg
File: graphics.cfg 2009/08/28 v1.8 graphics configuration of TeX Live
)
Package graphics Info: Driver file: pdftex.def on input line 91.
)
\Gin@req@height=\dimen132
\Gin@req@width=\dimen133
)
(/usr/share/texmf-texlive/tex/latex/changepage/chngpage.sty
Package: chngpage 2009/10/20 v1.2b change page layout
\c@cp@cnt=\count124
\c@cp@tempcnt=\count125
)
\LLY=\dimen134
\LLX=\dimen135
\URX=\dimen136
\URY=\dimen137
\topmargin=\dimen138
\bottommargin=\dimen139
)
(/usr/share/texmf-texlive/tex/latex/psnfss/palatino.sty
Package: palatino 2005/04/12 PSNFSS-v9.2a (SPQR) 
)
(/usr/share/texmf-texlive/tex/latex/psnfss/mathpazo.sty
Package: mathpazo 2005/04/12 PSNFSS-v9.2a Palatino w/ Pazo Math (D.Puga, WaS) 
\symupright=\mathgroup6
)
(/usr/share/texmf-texlive/tex/latex/psnfss/helvet.sty
Package: helvet 2005/04/12 PSNFSS-v9.2a (WaS) 
)
(/usr/share/texmf-texlive/tex/latex/sectsty/sectsty.sty
Package: sectsty 2002/02/25 v2.0.2 Commands to change all sectional heading sty
les
)
\parskipsaved=\skip69

(/usr/share/texmf-texlive/tex/latex/graphics/lscape.sty
Package: lscape 2000/10/22 v3.01 Landscape Pages (DPC)
)
(/usr/share/texmf-texlive/tex/latex/rotating/rotating.sty
Package: rotating 2009/03/28 v2.16a rotated objects in LaTeX
\c@r@tfl@t=\count126
\rotFPtop=\skip70
\rotFPbot=\skip71
\rot@float@box=\box61
\rot@mess@toks=\toks27
)
(/usr/share/texmf-texlive/tex/latex/hyperref/hyperref.sty
Package: hyperref 2009/10/09 v6.79a Hypertext links for LaTeX

(/usr/share/texmf-texlive/tex/generic/oberdiek/ifvtex.sty
Package: ifvtex 2008/11/04 v1.4 Switches for detecting VTeX and its modes (HO)
Package ifvtex Info: VTeX not detected.
)
(/usr/share/texmf-texlive/tex/generic/ifxetex/ifxetex.sty
Package: ifxetex 2009/01/23 v0.5 Provides ifxetex conditional
)
(/usr/share/texmf-texlive/tex/latex/oberdiek/hycolor.sty
Package: hycolor 2009/10/02 v1.5 Code for color options of hyperref/bookmark (H
O)

(/usr/share/texmf-texlive/tex/latex/oberdiek/xcolor-patch.sty
Package: xcolor-patch 2009/10/02 xcolor patch
))
\@linkdim=\dimen140
\Hy@linkcounter=\count127
\Hy@pagecounter=\count128

(/usr/share/texmf-texlive/tex/latex/hyperref/pd1enc.def
File: pd1enc.def 2009/10/09 v6.79a Hyperref: PDFDocEncoding definition (HO)
)
(/usr/share/texmf-texlive/tex/generic/oberdiek/etexcmds.sty
Package: etexcmds 2007/12/12 v1.2 Prefix for e-TeX command names (HO)

(/usr/share/texmf-texlive/tex/generic/oberdiek/infwarerr.sty
Package: infwarerr 2007/09/09 v1.2 Providing info/warning/message (HO)
)
Package etexcmds Info: Could not find \expanded.
(etexcmds)             That can mean that you are not using pdfTeX 1.50 or
(etexcmds)             that some package has redefined \expanded.
(etexcmds)             In the latter case, load this package earlier.
)
(/usr/share/texmf-texlive/tex/latex/latexconfig/hyperref.cfg
File: hyperref.cfg 2002/06/06 v1.2 hyperref configuration of TeXLive
)
(/usr/share/texmf-texlive/tex/latex/oberdiek/kvoptions.sty
Package: kvoptions 2009/08/13 v3.4 Keyval support for LaTeX options (HO)

(/usr/share/texmf-texlive/tex/generic/oberdiek/kvsetkeys.sty
Package: kvsetkeys 2009/07/30 v1.5 Key value parser with default handler suppor
t (HO)
))
Package hyperref Info: Option `bookmarksnumbered' set `true' on input line 2864
.
Package hyperref Info: Option `bookmarksopen' set `true' on input line 2864.
Package hyperref Info: Option `colorlinks' set `false' on input line 2864.
Package hyperref Info: Option `plainpages' set `false' on input line 2864.
Package hyperref Info: Option `pdfpagelabels' set `true' on input line 2864.
Package hyperref Info: Hyper figures OFF on input line 2975.
Package hyperref Info: Link nesting OFF on input line 2980.
Package hyperref Info: Hyper index ON on input line 2983.
Package hyperref Info: Plain pages OFF on input line 2990.
Package hyperref Info: Backreferencing OFF on input line 2995.

Implicit mode ON; LaTeX internals redefined
Package hyperref Info: Bookmarks ON on input line 3191.
(/usr/share/texmf-texlive/tex/latex/ltxmisc/url.sty
\Urlmuskip=\muskip11
Package: url 2006/04/12  ver 3.3  Verb mode for urls, etc.
)
LaTeX Info: Redefining \url on input line 3428.

(/usr/share/texmf-texlive/tex/generic/oberdiek/bitset.sty
Package: bitset 2007/09/28 v1.0 Data type bit set (HO)

(/usr/share/texmf-texlive/tex/generic/oberdiek/intcalc.sty
Package: intcalc 2007/09/27 v1.1 Expandable integer calculations (HO)
)
(/usr/share/texmf-texlive/tex/generic/oberdiek/bigintcalc.sty
Package: bigintcalc 2007/11/11 v1.1 Expandable big integer calculations (HO)

(/usr/share/texmf-texlive/tex/generic/oberdiek/pdftexcmds.sty
Package: pdftexcmds 2009/09/23 v0.6 LuaTeX support for pdfTeX utility functions
 (HO)

(/usr/share/texmf-texlive/tex/generic/oberdiek/ifluatex.sty
Package: ifluatex 2009/04/17 v1.2 Provides the ifluatex switch (HO)
Package ifluatex Info: LuaTeX not detected.
)
(/usr/share/texmf-texlive/tex/generic/oberdiek/ltxcmds.sty
Package: ltxcmds 2009/08/05 v1.0 Some LaTeX kernel commands for general use (HO
)
)
Package pdftexcmds Info: LuaTeX not detected.
Package pdftexcmds Info: \pdf@primitive is available.
Package pdftexcmds Info: \pdf@ifprimitive is available.
)))
\Fld@menulength=\count129
\Field@Width=\dimen141
\Fld@charsize=\dimen142
\Field@toks=\toks28
Package hyperref Info: Hyper figures OFF on input line 4377.
Package hyperref Info: Link nesting OFF on input line 4382.
Package hyperref Info: Hyper index ON on input line 4385.
Package hyperref Info: backreferencing OFF on input line 4392.
Package hyperref Info: Link coloring OFF on input line 4397.
Package hyperref Info: Link coloring with OCG OFF on input line 4402.
Package hyperref Info: PDF/A mode OFF on input line 4407.

(/usr/share/texmf-texlive/tex/generic/oberdiek/atbegshi.sty
Package: atbegshi 2008/07/31 v1.9 At begin shipout hook (HO)
)
\Hy@abspage=\count130
\c@Item=\count131
\c@Hfootnote=\count132
)
*hyperref using default driver hpdftex*
(/usr/share/texmf-texlive/tex/latex/hyperref/hpdftex.def
File: hpdftex.def 2009/10/09 v6.79a Hyperref driver for pdfTeX
\Fld@listcount=\count133
)
(/usr/share/texmf-texlive/tex/latex/natbib/natbib.sty
Package: natbib 2009/07/16 8.31 (PWD, AO)
\bibhang=\skip72
\bibsep=\skip73
LaTeX Info: Redefining \cite on input line 694.
\c@NAT@ctr=\count134
)
(/usr/share/texmf-texlive/tex/latex/ltxmisc/hypernat.sty
Package: hypernat 2001/07/09 v1.0b hyperref and natbib compatibility (jb)
)

Package Fancyhdr Warning: \fancyhead's `E' option without twoside option is use
less on input line 353.


Package Fancyhdr Warning: \fancyhead's `E' option without twoside option is use
less on input line 354.

Defining CMS Note commands
\cmsinstskip=\skip74
\cmsauthskip=\skip75
\c@author=\count135
\c@address=\count136
\CMSabstractbox=\box62
)
<567INP ptdr-definitions>
(./ptdr-definitions.tex)
LaTeX Font Info:    Try loading font information for OT1+ppl on input line 29.
LaTeX Font Info:    <567INP ot1ppl.fd> on input line 29.
 (/usr/share/texmf-texlive/tex/latex/psnfss/ot1ppl.fd
File: ot1ppl.fd 2001/06/04 font definitions for OT1/ppl.
)
LaTeX Font Info:    Try loading font information for OML+zplm on input line 29.

LaTeX Font Info:    <567INP omlzplm.fd> on input line 29.

(/usr/share/texmf-texlive/tex/latex/psnfss/omlzplm.fd
File: omlzplm.fd 2002/09/08 Fontinst v1.914 font definitions for OML/zplm.
)
LaTeX Font Info:    Try loading font information for OMS+zplm on input line 29.

LaTeX Font Info:    <567INP omszplm.fd> on input line 29.

(/usr/share/texmf-texlive/tex/latex/psnfss/omszplm.fd
File: omszplm.fd 2002/09/08 Fontinst v1.914 font definitions for OMS/zplm.
)
LaTeX Font Info:    Try loading font information for OMX+zplm on input line 29.

LaTeX Font Info:    <567INP omxzplm.fd> on input line 29.

(/usr/share/texmf-texlive/tex/latex/psnfss/omxzplm.fd
File: omxzplm.fd 2002/09/08 Fontinst v1.914 font definitions for OMX/zplm.
)
LaTeX Font Info:    Try loading font information for U+msa on input line 29.
LaTeX Font Info:    <567INP umsa.fd> on input line 29.

(/usr/share/texmf-texlive/tex/latex/amsfonts/umsa.fd
File: umsa.fd 2009/06/22 v3.00 AMS symbols A
)
LaTeX Font Info:    Try loading font information for U+msb on input line 29.
LaTeX Font Info:    <567INP umsb.fd> on input line 29.

(/usr/share/texmf-texlive/tex/latex/amsfonts/umsb.fd
File: umsb.fd 2009/06/22 v3.00 AMS symbols B
)
LaTeX Font Info:    Try loading font information for OT1+zplm on input line 29.

LaTeX Font Info:    <567INP ot1zplm.fd> on input line 29.

(/usr/share/texmf-texlive/tex/latex/psnfss/ot1zplm.fd
File: ot1zplm.fd 2002/09/08 Fontinst v1.914 font definitions for OT1/zplm.
) (./EXO-10-999.aux)
\openout1 = `EXO-10-999.aux'.

LaTeX Font Info:    Checking defaults for OML/cmm/m/it on input line 37.
LaTeX Font Info:    ... okay on input line 37.
LaTeX Font Info:    Checking defaults for T1/cmr/m/n on input line 37.
LaTeX Font Info:    ... okay on input line 37.
LaTeX Font Info:    Checking defaults for OT1/cmr/m/n on input line 37.
LaTeX Font Info:    ... okay on input line 37.
LaTeX Font Info:    Checking defaults for OMS/cmsy/m/n on input line 37.
LaTeX Font Info:    ... okay on input line 37.
LaTeX Font Info:    Checking defaults for OMX/cmex/m/n on input line 37.
LaTeX Font Info:    ... okay on input line 37.
LaTeX Font Info:    Checking defaults for U/cmr/m/n on input line 37.
LaTeX Font Info:    ... okay on input line 37.
LaTeX Font Info:    Checking defaults for PD1/pdf/m/n on input line 37.
LaTeX Font Info:    ... okay on input line 37.

<567INP supp-pdf.mkii>
(/usr/share/texmf-texlive/tex/context/base/supp-pdf.mkii
[Loading MPS to PDF converter (version 2006.09.02).]
\scratchcounter=\count137
\scratchdimen=\dimen143
\scratchbox=\box63
\nofMPsegments=\count138
\nofMParguments=\count139
\everyMPshowfont=\toks29
\MPscratchCnt=\count140
\MPscratchDim=\dimen144
\MPnumerator=\count141
\everyMPtoPDFconversion=\toks30
)
Package hyperref Info: Link coloring OFF on input line 37.

<567INP nameref.sty>
(/usr/share/texmf-texlive/tex/latex/hyperref/nameref.sty
Package: nameref 2007/05/29 v2.31 Cross-referencing by name of section

<567INP refcount.sty>
(/usr/share/texmf-texlive/tex/latex/oberdiek/refcount.sty
Package: refcount 2008/08/11 v3.1 Data extraction from references (HO)
)
\c@section@level=\count142
)
LaTeX Info: Redefining \ref on input line 37.
LaTeX Info: Redefining \pageref on input line 37.

<567INP EXO-10-999.out>
(./EXO-10-999.out)
<567INP EXO-10-999.out>
(./EXO-10-999.out)
\@outlinefile=\write4
\openout4 = `EXO-10-999.out'.

\AtBeginShipoutBox=\box64
LaTeX Font Info:    Font shape `OT1/ppl/bx/n' in size <17.28> not available
(Font)              Font shape `OT1/ppl/b/n' tried instead on input line 38.

<789FIG cms_draft_an 0>


pdfTeX warning: pdflatex (file ./cms_draft_an.pdf): PDF inclusion: found PDF ve
rsion <1.5>, but at most version <1.4> allowed
<cms_draft_an.pdf, id=23, 455.24379pt x 102.42967pt>
File: cms_draft_an.pdf Graphic file (type pdf)
 <use cms_draft_an.pdf>
LaTeX Font Info:    Font shape `U/msa/m/n' will be
(Font)              scaled to size 15.0049pt on input line 38.
LaTeX Font Info:    Font shape `U/msa/m/n' will be
(Font)              scaled to size 10.42007pt on input line 38.
LaTeX Font Info:    Font shape `U/msa/m/n' will be
(Font)              scaled to size 8.33606pt on input line 38.
LaTeX Font Info:    Font shape `U/msb/m/n' will be
(Font)              scaled to size 15.0049pt on input line 38.
LaTeX Font Info:    Font shape `U/msb/m/n' will be
(Font)              scaled to size 10.42007pt on input line 38.
LaTeX Font Info:    Font shape `U/msb/m/n' will be
(Font)              scaled to size 8.33606pt on input line 38.
\c@c@author=\count143
\c@c@tmp=\count144

Overfull \hbox (23.59593pt too wide) in paragraph at lines 38--38
[] [][][]
 []


Underfull \hbox (badness 10000) in paragraph at lines 38--38

 []

<789FIG BigDraft 0>
<BigDraft.pdf, id=24, 597.50829pt x 845.0471pt>
File: BigDraft.pdf Graphic file (type pdf)
 <use BigDraft.pdf> [1

{/var/lib/texmf/fonts/map/pdftex/updmap/pdftex.map} <./BigDraft.pdf> <./cms_dra
ft_an.pdf>]
<789FIG BigDraft 0>
File: BigDraft.pdf Graphic file (type pdf)
<use BigDraft.pdf> [2]
LaTeX Font Info:    Try loading font information for OT1+phv on input line 40.
LaTeX Font Info:    <567INP ot1phv.fd> on input line 40.
 (/usr/share/texmf-texlive/tex/latex/psnfss/ot1phv.fd
File: ot1phv.fd 2001/06/04 scalable font definitions for OT1/phv.
)
LaTeX Font Info:    Font shape `OT1/phv/bx/n' in size <17.28> not available
(Font)              Font shape `OT1/phv/b/n' tried instead on input line 40.
LaTeX Font Info:    Font shape `OT1/phv/bx/n' in size <14.4> not available
(Font)              Font shape `OT1/phv/b/n' tried instead on input line 42.
LaTeX Font Info:    Font shape `OT1/phv/bx/n' in size <12> not available
(Font)              Font shape `OT1/phv/b/n' tried instead on input line 44.

<789FIG BigDraft 0>
File: BigDraft.pdf Graphic file (type pdf)
<use BigDraft.pdf> [1

]
<789FIG PLOTS/openingangle_dr.pdf 0>


pdfTeX warning: pdflatex (file ./PLOTS/openingangle_dr.pdf): PDF inclusion: fou
nd PDF version <1.5>, but at most version <1.4> allowed
<PLOTS/openingangle_dr.pdf, id=86, 569.12625pt x 424.58624pt>
File: PLOTS/openingangle_dr.pdf Graphic file (type pdf)

<use PLOTS/openingangle_dr.pdf>
<789FIG BigDraft 1>
File: BigDraft.pdf Graphic file (type pdf)
<use BigDraft.pdf> [2]
<789FIG BigDraft 1>
File: BigDraft.pdf Graphic file (type pdf)
<use BigDraft.pdf> [3 <./PLOTS/openingangle_dr.pdf>]
<789FIG BigDraft 1>
File: BigDraft.pdf Graphic file (type pdf)
<use BigDraft.pdf> [4]
<789FIG PLOTS/masseta_pluscut_Mu11.pdf 1>
<PLOTS/masseta_pluscut_Mu11.pdf, id=245, 569.12625pt x 473.77pt>
File: PLOTS/masseta_pluscut_Mu11.pdf Graphic file (type pdf)

<use PLOTS/masseta_pluscut_Mu11.pdf>
<789FIG PLOTS/eta_mass5cut_pluscut_Mu11_alt.pdf 1>
<PLOTS/eta_mass5cut_pluscut_Mu11_alt.pdf, id=246, 569.12625pt x 473.77pt>
File: PLOTS/eta_mass5cut_pluscut_Mu11_alt.pdf Graphic file (type pdf)

<use PLOTS/eta_mass5cut_pluscut_Mu11_alt.pdf>
<789FIG PLOTS/endcap_dphidr_HLTMu11_09_21.pdf 2>


pdfTeX warning: pdflatex (file ./PLOTS/endcap_dphidr_HLTMu11_09_21.pdf): PDF in
clusion: found PDF version <1.5>, but at most version <1.4> allowed
<PLOTS/endcap_dphidr_HLTMu11_09_21.pdf, id=247, 569.12625pt x 473.77pt>
File: PLOTS/endcap_dphidr_HLTMu11_09_21.pdf Graphic file (type pdf)

<use PLOTS/endcap_dphidr_HLTMu11_09_21.pdf>
<789FIG PLOTS/trigger_turnonMu11.pdf 2>
<PLOTS/trigger_turnonMu11.pdf, id=249, 569.12625pt x 473.77pt>
File: PLOTS/trigger_turnonMu11.pdf Graphic file (type pdf)

<use PLOTS/trigger_turnonMu11.pdf>
<789FIG BigDraft 3>
File: BigDraft.pdf Graphic file (type pdf)
<use BigDraft.pdf> [5]
<789FIG BigDraft 3>
File: BigDraft.pdf Graphic file (type pdf)
<use BigDraft.pdf> [6 <./PLOTS/masseta_pluscut_Mu11.pdf, page is rotated 90 deg
rees> <./PLOTS/eta_mass5cut_pluscut_Mu11_alt.pdf, page is rotated 90 degrees> <
./PLOTS/endcap_dphidr_HLTMu11_09_21.pdf> <./PLOTS/trigger_turnonMu11.pdf, page 
is rotated 90 degrees>] (./EXO-10-999.aux) ) 
Here is how much of TeX's memory you used:
 7531 strings out of 495061
 99626 string characters out of 1182621
 191634 words of memory out of 3000000
 10474 multiletter control sequences out of 15000+50000
 41624 words of font info for 102 fonts, out of 3000000 for 9000
 29 hyphenation exceptions out of 8191
 45i,11n,45p,577b,400s stack positions out of 5000i,500n,10000p,200000b,50000s
{/usr/share/texmf-texlive/fonts/enc
/dvips/base/8r.enc}</usr/share/texmf-texlive/fonts/type1/public/amsfonts/cm/cme
x10.pfb></usr/share/texmf-texlive/fonts/type1/public/amsfonts/cm/cmmi10.pfb></u
sr/share/texmf-texlive/fonts/type1/public/amsfonts/cm/cmr10.pfb></usr/share/tex
mf-texlive/fonts/type1/public/amsfonts/cm/cmr12.pfb></usr/share/texmf-texlive/f
onts/type1/public/amsfonts/cm/cmr8.pfb></usr/share/texmf-texlive/fonts/type1/pu
blic/amsfonts/cm/cmsy10.pfb></usr/share/texmf-texlive/fonts/type1/public/mathpa
zo/fplmr.pfb></usr/share/texmf-texlive/fonts/type1/public/mathpazo/fplmri.pfb><
/usr/share/texmf-texlive/fonts/type1/public/amsfonts/symbols/msam10.pfb></usr/s
hare/texmf-texlive/fonts/type1/urw/helvetic/uhvb8a.pfb></usr/share/texmf-texliv
e/fonts/type1/urw/helvetic/uhvr8a.pfb></usr/share/texmf-texlive/fonts/type1/urw
/palatino/uplb8a.pfb></usr/share/texmf-texlive/fonts/type1/urw/palatino/uplr8a.
pfb></usr/share/texmf-texlive/fonts/type1/urw/palatino/uplri8a.pfb>
Output written on EXO-10-999.pdf (8 pages, 599442 bytes).
PDF statistics:
 583 PDF objects out of 1000 (max. 8388607)
 27 named destinations out of 1000 (max. 500000)
 76 words of extra memory for PDF output out of 10000 (max. 10000000)

