mktextfm pplr7t
mktextfm pplr7t
mktextfm pplb7t
mktextfm nullfont
mktextfm pplr7t
mktextfm pplr7t
mktextfm pplr7t
mktextfm zplmr7m
mktextfm zplmr7m
mktextfm zplmr7m
mktextfm zplmr7y
mktextfm zplmr7y
mktextfm zplmr7y
mktextfm zplmr7v
mktextfm zplmr7v
mktextfm zplmr7v
mktextfm zplmr7t
mktextfm zplmr7t
mktextfm zplmr7t
mktextfm pplr7t
mktextfm pplr7t
mktextfm pplr7t
mktextfm zplmr7m
mktextfm zplmr7m
mktextfm zplmr7m
mktextfm zplmr7y
mktextfm zplmr7y
mktextfm zplmr7y
mktextfm zplmr7v
mktextfm zplmr7v
mktextfm zplmr7v
mktextfm zplmr7t
mktextfm zplmr7t
mktextfm zplmr7t
mktextfm phvr7t
mktextfm phvr7t
mktextfm phvb7t
mktextfm nullfont
mktextfm pplr7t
mktextfm phvr7t
mktextfm phvr7t
mktextfm phvb7t
mktextfm nullfont
mktextfm pplb7t
mktextfm pplb7t
mktextfm zplmb7m
mktextfm zplmb7m
mktextfm zplmb7m
mktextfm zplmb7y
mktextfm zplmb7y
mktextfm zplmb7y
mktextfm zplmr7v
mktextfm zplmb7t
mktextfm zplmb7t
mktextfm zplmb7t
mktextfm phvb7t
mktextfm nullfont
mktextfm phvb7t
mktextfm nullfont
mktextfm pplb7t
mktextfm pplb7t
mktextfm zplmb7m
mktextfm zplmb7m
mktextfm zplmb7y
mktextfm zplmb7y
mktextfm zplmb7t
mktextfm zplmb7t
mktextfm pplb7t
mktextfm pplb7t
mktextfm zplmb7m
mktextfm zplmb7m
mktextfm zplmb7y
mktextfm zplmb7y
mktextfm zplmr7v
mktextfm zplmr7v
mktextfm zplmb7t
mktextfm zplmb7t
mktextfm phvr7t
mktextfm pplr7t
mktextfm pplr7t
mktextfm pplb7t
mktextfm nullfont
mktextfm pplr7t
mktextfm pplr7t
mktextfm pplr7t
mktextfm zplmr7m
mktextfm zplmr7m
mktextfm zplmr7m
mktextfm zplmr7y
mktextfm zplmr7y
mktextfm zplmr7y
mktextfm zplmr7v
mktextfm zplmr7v
mktextfm zplmr7v
mktextfm zplmr7t
mktextfm zplmr7t
mktextfm zplmr7t
mktextfm pplr7t
mktextfm pplr7t
mktextfm pplr7t
mktextfm zplmr7m
mktextfm zplmr7m
mktextfm zplmr7m
mktextfm zplmr7y
mktextfm zplmr7y
mktextfm zplmr7y
mktextfm zplmr7v
mktextfm zplmr7v
mktextfm zplmr7v
mktextfm zplmr7t
mktextfm zplmr7t
mktextfm zplmr7t
mktextfm phvr7t
mktextfm phvr7t
mktextfm phvb7t
mktextfm nullfont
mktextfm pplr7t
mktextfm phvr7t
mktextfm phvr7t
mktextfm phvb7t
mktextfm nullfont
mktextfm pplb7t
mktextfm pplb7t
mktextfm zplmb7m
mktextfm zplmb7m
mktextfm zplmb7m
mktextfm zplmb7y
mktextfm zplmb7y
mktextfm zplmb7y
mktextfm zplmr7v
mktextfm zplmb7t
mktextfm zplmb7t
mktextfm zplmb7t
mktextfm phvb7t
mktextfm nullfont
mktextfm phvb7t
mktextfm nullfont
mktextfm pplb7t
mktextfm pplb7t
mktextfm zplmb7m
mktextfm zplmb7m
mktextfm zplmb7y
mktextfm zplmb7y
mktextfm zplmb7t
mktextfm zplmb7t
mktextfm pplb7t
mktextfm pplb7t
mktextfm zplmb7m
mktextfm zplmb7m
mktextfm zplmb7y
mktextfm zplmb7y
mktextfm zplmr7v
mktextfm zplmr7v
mktextfm zplmb7t
mktextfm zplmb7t
mktextfm phvr7t
